<?xml version="1.0" encoding="UTF-8"?>
<testsuite name="com.yu.test.DisplayNameGeneratorDemo$A_year_is_not_supported" tests="3" skipped="0" failures="0" errors="0" timestamp="2021-02-13T13:20:39" hostname="DESKTOP-62EMRNL" time="0.013">
  <properties/>
  <testcase name="if_it_is_zero()" classname="com.yu.test.DisplayNameGeneratorDemo$A_year_is_not_supported" time="0.001"/>
  <testcase name="if_it_is_negative(int)[1]" classname="com.yu.test.DisplayNameGeneratorDemo$A_year_is_not_supported" time="0.002"/>
  <testcase name="if_it_is_negative(int)[2]" classname="com.yu.test.DisplayNameGeneratorDemo$A_year_is_not_supported" time="0.002"/>
  <system-out><![CDATA[]]></system-out>
  <system-err><![CDATA[]]></system-err>
</testsuite>
