<?xml version="1.0" encoding="UTF-8"?>
<testsuite name="com.yu.test.DisplayNameGeneratorDemo$A_year_is_a_leap_year" tests="4" skipped="0" failures="0" errors="0" timestamp="2021-02-13T13:20:39" hostname="DESKTOP-62EMRNL" time="0.059">
  <properties/>
  <testcase name="if_it_is_one_of_the_following_years(int)[1]" classname="com.yu.test.DisplayNameGeneratorDemo$A_year_is_a_leap_year" time="0.044"/>
  <testcase name="if_it_is_one_of_the_following_years(int)[2]" classname="com.yu.test.DisplayNameGeneratorDemo$A_year_is_a_leap_year" time="0.001"/>
  <testcase name="if_it_is_one_of_the_following_years(int)[3]" classname="com.yu.test.DisplayNameGeneratorDemo$A_year_is_a_leap_year" time="0.002"/>
  <testcase name="if_it_is_divisible_by_4_but_not_by_100()" classname="com.yu.test.DisplayNameGeneratorDemo$A_year_is_a_leap_year" time="0.002"/>
  <system-out><![CDATA[]]></system-out>
  <system-err><![CDATA[]]></system-err>
</testsuite>
