<?xml version="1.0" encoding="UTF-8"?>
<testsuite name="BankStatementCSVParserTest" tests="1" skipped="0" failures="0" errors="0" timestamp="2021-09-21T02:48:17" hostname="yuseong-geun-ui-MacBookPro.local" time="0.026">
  <properties/>
  <testcase name="shouldParseOneCorrectLine()" classname="BankStatementCSVParserTest" time="0.026"/>
  <system-out><![CDATA[]]></system-out>
  <system-err><![CDATA[]]></system-err>
</testsuite>
